Arguments: 
  C:\Program Files\nodejs\node.exe C:\Users\bot\AppData\Roaming\npm\node_modules\yarn\bin\yarn.js add moment

PATH: 
  C:\Program Files\Git\mingw64\bin;C:\Program Files\Git\usr\bin;C:\Users\bot\bin;C:\Windows\system32;C:\Windows;C:\Windows\System32\Wbem;C:\Windows\System32\WindowsPowerShell\v1.0;C:\Windows\System32\OpenSSH;C:\Program Files\Git\usr\bin;C:\Program Files\nodejs;C:\Program Files\dotnet;C:\Program Files\Microsoft SQL Server\130\Tools\Binn;C:\Program Files\Microsoft SQL Server\Client SDK\ODBC\170\Tools\Binn;C:\Program Files (x86)\PuTTY;C:\Users\bot\Anaconda3;C:\Users\bot\Anaconda3\Library\mingw-w64\bin;C:\Users\bot\Anaconda3\Library\usr\bin;C:\Users\bot\Anaconda3\Library\bin;C:\Users\bot\Anaconda3\Scripts;C:\Users\bot\AppData\Local\Microsoft\WindowsApps;C:\Users\bot\AppData\Local\Programs\Microsoft VS Code\bin;C:\Users\bot\AppData\Roaming\npm;C:\Program Files\heroku\bin

Yarn version: 
  1.15.2

Node version: 
  10.15.3

Platform: 
  win32 x64

Trace: 
  Error: EPERM: operation not permitted, unlink 'C:\Users\bot\Desktop\void\nairabox\movies-dashboard\node_modules\node-sass\vendor\win32-x64-64\binding.node'

npm manifest: 
  {
    "name": "movies-dashboard",
    "version": "1.0.0",
    "private": false,
    "homepage": "https://reduction-admin.github.io/react-reduction",
    "dependencies": {
      "axios": "^0.18.0",
      "bootstrap": "4.3.1",
      "chart.js": "2.7.2",
      "classnames": "^2.2.6",
      "d3-geo": "^1.11.3",
      "datatables.net": "^1.10.19",
      "faker": "^4.1.0",
      "jquery": "^3.3.1",
      "prop-types": "^15.7.2",
      "randomstring": "^1.1.5",
      "react": "^16.8.4",
      "react-chartjs-2": "^2.7.4",
      "react-component-queries": "^2.3.0",
      "react-d3-map": "^0.8.3",
      "react-datepicker": "^2.3.0",
      "react-dom": "^16.8.4",
      "react-ga": "^2.5.7",
      "react-icons": "^3.5.0",
      "react-infinite-calendar": "^2.3.1",
      "react-notification-system": "^0.2.17",
      "react-redux": "^7.0.1",
      "react-router": "^4.3.1",
      "react-router-dom": "^4.3.1",
      "react-simple-maps": "^0.12.1",
      "react-sizeme": "^2.5.2",
      "reactstrap": "^7.1.0",
      "redux": "^4.0.1",
      "redux-thunk": "^2.3.0",
      "request": "^2.88.0",
      "request-promise": "^4.2.4",
      "victory": "^32.0.0"
    },
    "devDependencies": {
      "gh-pages": "^1.2.0",
      "node-sass": "^4.11.0",
      "react-scripts": "2.1.8",
      "serve": "^10.1.2",
      "stylelint": "^9.3.0",
      "stylelint-config-recommended-scss": "^3.2.0",
      "stylelint-config-standard": "^18.2.0",
      "stylelint-order": "^0.8.1",
      "stylelint-scss": "^3.1.3"
    },
    "scripts": {
      "start": "react-scripts start",
      "build": "react-scripts build",
      "serve": "serve -s build",
      "deploy": "gh-pages -d build",
      "test": "react-scripts test --env=jsdom",
      "eject": "react-scripts eject"
    },
    "browserslist": [
      ">0.2%",
      "not dead",
      "not ie <= 11",
      "not op_mini all"
    ]
  }

yarn manifest: 
  No manifest

Lockfile: 
  No lockfile
